app/build/intermediates/manifest_merge_blame_file/release/manifest-merger-blame-release-report.txt
1<?xml version="1.0" encoding="utf-8"?>
2<manifest xmlns:android="http://schemas.android.com/apk/res/android"
3    package="com.exampledemo.tabishtanseef.scanzxingdemonuts"
4    android:versionCode="2"
5    android:versionName="2.0" >
6
7    <uses-sdk
8        android:minSdkVersion="16"
8-->src\main\AndroidManifest.xml
9        android:targetSdkVersion="28" />
9-->src\main\AndroidManifest.xml
10
11    <uses-permission android:name="android.permission.CAMERA" />
11-->src\main\AndroidManifest.xml:5:5-65
11-->src\main\AndroidManifest.xml:5:22-62
12    <uses-permission android:name="android.permission.INTERNET" />
12-->src\main\AndroidManifest.xml:6:5-67
12-->src\main\AndroidManifest.xml:6:22-64
13    <uses-permission android:name="android.permission.ACCESS_NETWORK_STATE" />
13-->src\main\AndroidManifest.xml:7:5-79
13-->src\main\AndroidManifest.xml:7:22-76
14
15    <application
15-->src\main\AndroidManifest.xml:9:5-29:19
16        android:allowBackup="true"
16-->src\main\AndroidManifest.xml:10:9-35
17        android:appComponentFactory="android.support.v4.app.CoreComponentFactory"
17-->[com.android.support:support-compat:28.0.0] AndroidManifest.xml:22:18-91
18        android:icon="@mipmap/ic_launcher"
18-->src\main\AndroidManifest.xml:11:9-43
19        android:label="DigiGoodLuck"
19-->src\main\AndroidManifest.xml:12:9-37
20        android:supportsRtl="true"
20-->src\main\AndroidManifest.xml:13:9-35
21        android:theme="@style/AppTheme" >
21-->src\main\AndroidManifest.xml:14:9-40
22        <activity android:name="com.exampledemo.tabishtanseef.scanzxingdemonuts.RegisterActivity" />
22-->src\main\AndroidManifest.xml:15:9-63
22-->src\main\AndroidManifest.xml:15:19-51
23        <activity android:name="com.exampledemo.tabishtanseef.scanzxingdemonuts.LoginActivity" />
23-->src\main\AndroidManifest.xml:16:9-51
23-->src\main\AndroidManifest.xml:16:19-48
24        <activity android:name="com.exampledemo.tabishtanseef.scanzxingdemonuts.HomeActivity" />
24-->src\main\AndroidManifest.xml:17:9-50
24-->src\main\AndroidManifest.xml:17:19-47
25        <activity android:name="com.exampledemo.tabishtanseef.scanzxingdemonuts.Main2Activity" />
25-->src\main\AndroidManifest.xml:18:9-51
25-->src\main\AndroidManifest.xml:18:19-48
26        <activity
26-->src\main\AndroidManifest.xml:19:9-27:20
27            android:name="com.exampledemo.tabishtanseef.scanzxingdemonuts.MainActivity"
27-->src\main\AndroidManifest.xml:20:13-41
28            android:configChanges="keyboard|keyboardHidden|orientation|screenLayout|uiMode|screenSize|smallestScreenSize" >
28-->src\main\AndroidManifest.xml:21:13-122
29            <intent-filter>
29-->src\main\AndroidManifest.xml:22:13-26:29
30                <action android:name="android.intent.action.MAIN" />
30-->src\main\AndroidManifest.xml:23:17-69
30-->src\main\AndroidManifest.xml:23:25-66
31
32                <category android:name="android.intent.category.LAUNCHER" />
32-->src\main\AndroidManifest.xml:25:17-77
32-->src\main\AndroidManifest.xml:25:27-74
33            </intent-filter>
34        </activity>
35        <activity android:name="com.exampledemo.tabishtanseef.scanzxingdemonuts.ScanActivity" />
35-->src\main\AndroidManifest.xml:28:9-50
35-->src\main\AndroidManifest.xml:28:19-47
36    </application>
37
38</manifest>